WARNING: An illegal reflective access operation has occurred
WARNING: Illegal reflective access by io.netty.util.internal.ReflectionUtil (file:/C:/Users/Saurinya/.cache/firebase/emulators/firebase-database-emulator-v4.10.0.jar) to field sun.nio.ch.SelectorImpl.selectedKeys
WARNING: Please consider reporting this to the maintainers of io.netty.util.internal.ReflectionUtil
WARNING: Use --illegal-access=warn to enable warnings of further illegal reflective access operations
WARNING: All illegal access operations will be denied in a future release
16:33:46.418 [NamespaceSystem-akka.actor.default-dispatcher-4] INFO akka.event.slf4j.Slf4jLogger - Slf4jLogger started
16:33:46.560 [main] INFO com.firebase.server.forge.App$ - Listening at 127.0.0.1:5003
16:33:56.732 [NamespaceSystem-akka.actor.default-dispatcher-4] INFO com.firebase.core.namespace.NamespaceActor - wormhole-cross-governance-default-rtdb successfully activated FBKV (SurveyIdle(0)) wait: 92ms, init: 0ms
16:33:56.811 [NamespaceSystem-blocking-namespace-operation-dispatcher-7] INFO com.firebase.core.namespace.StateManager - Namespace wormhole-cross-governance-default-rtdb status Active to Active
16:34:04.585 [FirebaseWorkerPool-1-3] WARN com.firebase.core.persistence.backend.dummy.EmulatorMetadataPersistence - Multiple projectIds are not recommended in single project mode. Requested 
namespace wormhole-cross-governance, but the emulator is configured for wormhole-cross-governance-default-rtdb. To 
opt-out of single project mode add/set the single_project_mode: false property in 
the firebase.json emulators config. 
16:34:04.589 [NamespaceSystem-akka.actor.default-dispatcher-4] INFO com.firebase.core.namespace.NamespaceActor - wormhole-cross-governance successfully activated FBKV (SurveyIdle(0)) wait: 1ms, init: 0ms
16:34:20.876 [FirebaseWorkerPool-1-4] WARN com.firebase.core.persistence.backend.dummy.EmulatorMetadataPersistence - Multiple projectIds are not recommended in single project mode. Requested 
namespace dao, but the emulator is configured for wormhole-cross-governance,wormhole-cross-governance-default-rtdb. To 
opt-out of single project mode add/set the single_project_mode: false property in 
the firebase.json emulators config. 
16:34:20.882 [NamespaceSystem-akka.actor.default-dispatcher-6] INFO com.firebase.core.namespace.NamespaceActor - dao successfully activated FBKV (SurveyIdle(0)) wait: 3ms, init: 0ms
16:36:27.757 [FirebaseWorkerPool-1-1] WARN com.firebase.core.persistence.backend.dummy.EmulatorMetadataPersistence - Multiple projectIds are not recommended in single project mode. Requested 
namespace heynow, but the emulator is configured for wormhole-cross-governance,dao,wormhole-cross-governance-default-rtdb. To 
opt-out of single project mode add/set the single_project_mode: false property in 
the firebase.json emulators config. 
16:36:27.759 [NamespaceSystem-akka.actor.default-dispatcher-9] INFO com.firebase.core.namespace.NamespaceActor - heynow successfully activated FBKV (SurveyIdle(0)) wait: 0ms, init: 0ms
